<?xml version="1.0" encoding="utf-8"?><testsuites name="pytest tests"><testsuite name="pytest" errors="0" failures="0" skipped="0" tests="8" time="33.827" timestamp="2026-03-15T13:54:37.294498+00:00" hostname="agent-env-b85ac698-3074-4962-829f-9bf7fda0b6da"><testcase classname="tests.test_ai_evaluated_tests.TestAdminLogin" name="test_admin_login_success" time="12.916" /><testcase classname="tests.test_ai_evaluated_tests.TestAdminLogin" name="test_admin_login_invalid" time="0.061" /><testcase classname="tests.test_ai_evaluated_tests.TestStudentLogin" name="test_student_login_success" time="2.432" /><testcase classname="tests.test_ai_evaluated_tests.TestStudentLogin" name="test_student_login_invalid" time="1.477" /><testcase classname="tests.test_ai_evaluated_tests.TestStructuredTestList" name="test_list_tests_for_student" time="4.475" /><testcase classname="tests.test_ai_evaluated_tests.TestGetTestDetails" name="test_get_test_details_student" time="2.505" /><testcase classname="tests.test_ai_evaluated_tests.TestStartTest" name="test_start_test" time="4.777" /><testcase classname="tests.test_ai_evaluated_tests.TestSubjectDropdownReplaced" name="test_structured_test_creator_has_readonly_subject" time="5.094" /></testsuite></testsuites>