<?xml version="1.0" encoding="utf-8"?><testsuites name="pytest tests"><testsuite name="pytest" errors="0" failures="0" skipped="0" tests="11" time="42.858" timestamp="2026-03-16T09:55:53.138436+00:00" hostname="agent-env-3b38bd05-c05a-4ab0-92e7-a0aea7ecf78d"><testcase classname="tests.test_auth_logout_bug.TestAdminLogin" name="test_admin_login_success" time="12.437" /><testcase classname="tests.test_auth_logout_bug.TestAdminLogin" name="test_admin_login_invalid_credentials" time="0.121" /><testcase classname="tests.test_auth_logout_bug.TestLogoutCleanup" name="test_admin_logout_clears_session" time="3.357" /><testcase classname="tests.test_auth_logout_bug.TestStudentLogin" name="test_student_login_success" time="2.208" /><testcase classname="tests.test_auth_logout_bug.TestStudentLogin" name="test_student_login_invalid_credentials" time="1.965" /><testcase classname="tests.test_auth_logout_bug.TestRoleSwitching" name="test_admin_logout_then_student_login_returns_student_role" time="5.441" /><testcase classname="tests.test_auth_logout_bug.TestRoleSwitching" name="test_student_logout_then_admin_login_returns_admin_role" time="5.705" /><testcase classname="tests.test_auth_logout_bug.TestRoleSwitching" name="test_student_logout_then_different_student_login" time="5.652" /><testcase classname="tests.test_auth_logout_bug.TestAuthorizationHeaderPriority" name="test_bearer_token_overrides_stale_cookie" time="5.673" /><testcase classname="tests.test_auth_logout_bug.TestHealthCheck" name="test_health_endpoint" time="0.129" /><testcase classname="tests.test_auth_logout_bug.TestHealthCheck" name="test_readiness_endpoint" time="0.099" /></testsuite></testsuites>