<?xml version="1.0" encoding="utf-8"?><testsuites name="pytest tests"><testsuite name="pytest" errors="0" failures="0" skipped="0" tests="10" time="36.405" timestamp="2026-03-16T11:00:23.889103+00:00" hostname="agent-env-3b38bd05-c05a-4ab0-92e7-a0aea7ecf78d"><testcase classname="tests.test_data_retention.TestDataRetentionResultsAPI" name="test_results_api_returns_retained_only_field" time="15.066" /><testcase classname="tests.test_data_retention.TestDataRetentionResultsAPI" name="test_results_api_returns_core_fields_always" time="2.227" /><testcase classname="tests.test_data_retention.TestDataRetentionResultsAPI" name="test_results_available_field_present" time="2.273" /><testcase classname="tests.test_data_retention.TestCleanupEndpointAdminOnly" name="test_cleanup_endpoint_works_for_admin" time="4.245" /><testcase classname="tests.test_data_retention.TestCleanupEndpointAdminOnly" name="test_cleanup_endpoint_returns_403_for_student" time="1.558" /><testcase classname="tests.test_data_retention.TestCleanupEndpointAdminOnly" name="test_cleanup_endpoint_returns_403_for_teacher" time="3.796" /><testcase classname="tests.test_data_retention.TestCleanupEndpointAdminOnly" name="test_cleanup_endpoint_returns_401_or_403_unauthenticated" time="0.138" /><testcase classname="tests.test_data_retention.TestRetainedOnlyBehavior" name="test_results_structure_for_non_expired_test" time="2.954" /><testcase classname="tests.test_data_retention.TestAPIEndpointsExist" name="test_results_endpoint_exists" time="2.262" /><testcase classname="tests.test_data_retention.TestAPIEndpointsExist" name="test_cleanup_endpoint_exists" time="1.816" /></testsuite></testsuites>