<?xml version="1.0" encoding="utf-8"?><testsuites name="pytest tests"><testsuite name="pytest" errors="0" failures="0" skipped="0" tests="9" time="38.935" timestamp="2026-03-18T21:44:10.970385+00:00" hostname="agent-env-e240c711-e28f-4b13-9651-6f39cd445f8b"><testcase classname="backend.tests.test_evaluation_bug_fix.TestAuthEndpoints" name="test_student_login" time="1.996" /><testcase classname="backend.tests.test_evaluation_bug_fix.TestAuthEndpoints" name="test_teacher_login" time="1.982" /><testcase classname="backend.tests.test_evaluation_bug_fix.TestStructuredTestList" name="test_list_active_tests" time="7.902" /><testcase classname="backend.tests.test_evaluation_bug_fix.TestStructuredHomeworkList" name="test_list_active_homework" time="4.585" /><testcase classname="backend.tests.test_evaluation_bug_fix.TestHomeworkStartAndCheckAnswer" name="test_start_homework" time="4.079" /><testcase classname="backend.tests.test_evaluation_bug_fix.TestHomeworkStartAndCheckAnswer" name="test_check_mcq_answer" time="5.776" /><testcase classname="backend.tests.test_evaluation_bug_fix.TestStructuredTestEvaluation" name="test_get_test_details" time="4.013" /><testcase classname="backend.tests.test_evaluation_bug_fix.TestStructuredTestEvaluation" name="test_start_and_submit_test" time="4.297" /><testcase classname="backend.tests.test_evaluation_bug_fix.TestEvaluationResultsAccess" name="test_list_tests_shows_scores" time="4.249" /></testsuite></testsuites>