<?xml version="1.0" encoding="utf-8"?><testsuites name="pytest tests"><testsuite name="pytest" errors="0" failures="0" skipped="0" tests="8" time="73.980" timestamp="2026-03-16T23:17:57.750508+00:00" hostname="agent-env-aeca652c-7148-4031-a312-e56f4ea5b9f9"><testcase classname="tests.test_match_check_answer.TestStructuredHomeworkMatchFollowing" name="test_homework_returns_shuffled_pairs_right" time="20.497" /><testcase classname="tests.test_match_check_answer.TestCheckAnswerEndpoint" name="test_check_answer_mcq_correct" time="4.785" /><testcase classname="tests.test_match_check_answer.TestCheckAnswerEndpoint" name="test_check_answer_mcq_incorrect" time="4.711" /><testcase classname="tests.test_match_check_answer.TestCheckAnswerEndpoint" name="test_check_answer_match_following_correct" time="4.294" /><testcase classname="tests.test_match_check_answer.TestCheckAnswerEndpoint" name="test_check_answer_match_following_incorrect" time="4.028" /><testcase classname="tests.test_match_check_answer.TestHintEndpoint" name="test_hint_returns_hint_first" time="4.688" /><testcase classname="tests.test_match_check_answer.TestStructuredTestsMatchFollowing" name="test_structured_test_returns_shuffled_pairs_right" time="27.101" /><testcase classname="tests.test_match_check_answer.TestResponseStructure" name="test_check_answer_response_structure" time="3.786" /></testsuite></testsuites>