<?xml version="1.0" encoding="utf-8"?><testsuites name="pytest tests"><testsuite name="pytest" errors="0" failures="0" skipped="0" tests="13" time="69.094" timestamp="2026-03-16T11:21:00.099534+00:00" hostname="agent-env-3b38bd05-c05a-4ab0-92e7-a0aea7ecf78d"><testcase classname="backend.tests.test_old_test_removal.TestLoginAndAuth" name="test_student_login_success" time="12.459" /><testcase classname="backend.tests.test_old_test_removal.TestLoginAndAuth" name="test_student_greeting_has_name" time="2.025" /><testcase classname="backend.tests.test_old_test_removal.TestLoginAndAuth" name="test_teacher_login_success" time="1.979" /><testcase classname="backend.tests.test_old_test_removal.TestOldRoutesRemoved" name="test_old_post_tests_route_removed" time="2.147" /><testcase classname="backend.tests.test_old_test_removal.TestOldRoutesRemoved" name="test_old_get_tests_by_subject_removed" time="2.108" /><testcase classname="backend.tests.test_old_test_removal.TestOldRoutesRemoved" name="test_old_start_test_route_removed" time="2.084" /><testcase classname="backend.tests.test_old_test_removal.TestNewStructuredTestsWork" name="test_get_subjects_for_student_standard" time="3.808" /><testcase classname="backend.tests.test_old_test_removal.TestNewStructuredTestsWork" name="test_structured_tests_list_endpoint_works" time="5.517" /><testcase classname="backend.tests.test_old_test_removal.TestParentDashboard" name="test_parent_dashboard_endpoint_exists" time="13.240" /><testcase classname="backend.tests.test_old_test_removal.TestParentDashboard" name="test_parent_dashboard_returns_ai_test_data" time="11.386" /><testcase classname="backend.tests.test_old_test_removal.TestHomeworkFeatureKept" name="test_homework_list_endpoint_exists" time="4.281" /><testcase classname="backend.tests.test_old_test_removal.TestTeacherReviewSubmissions" name="test_submissions_endpoint_exists" time="4.017" /><testcase classname="backend.tests.test_old_test_removal.TestStudentAITestResults" name="test_student_results_endpoint_structure" time="3.975" /></testsuite></testsuites>