<?xml version="1.0" encoding="utf-8"?><testsuites name="pytest tests"><testsuite name="pytest" errors="0" failures="0" skipped="0" tests="10" time="106.447" timestamp="2026-03-16T09:30:57.306297+00:00" hostname="agent-env-3b38bd05-c05a-4ab0-92e7-a0aea7ecf78d"><testcase classname="tests.test_parent_dashboard_ai_tests.TestParentDashboardAITests" name="test_parent_dashboard_returns_200" time="11.588" /><testcase classname="tests.test_parent_dashboard_ai_tests.TestParentDashboardAITests" name="test_parent_dashboard_student_info" time="11.345" /><testcase classname="tests.test_parent_dashboard_ai_tests.TestParentDashboardAITests" name="test_parent_dashboard_contains_ai_test_subjects" time="11.456" /><testcase classname="tests.test_parent_dashboard_ai_tests.TestParentDashboardAITests" name="test_parent_dashboard_hindi_ai_test_score" time="11.570" /><testcase classname="tests.test_parent_dashboard_ai_tests.TestParentDashboardAITests" name="test_parent_dashboard_mathematics_ai_test_score" time="11.560" /><testcase classname="tests.test_parent_dashboard_ai_tests.TestParentDashboardAITests" name="test_parent_dashboard_computer_ai_test_score" time="11.950" /><testcase classname="tests.test_parent_dashboard_ai_tests.TestParentDashboardAITests" name="test_parent_dashboard_overall_stats_include_ai_tests" time="11.886" /><testcase classname="tests.test_parent_dashboard_ai_tests.TestParentDashboardAITests" name="test_parent_dashboard_test_performance_structure" time="11.550" /><testcase classname="tests.test_parent_dashboard_ai_tests.TestParentDashboardAITests" name="test_parent_dashboard_subject_structure" time="11.360" /><testcase classname="tests.test_parent_dashboard_ai_tests.TestParentDashboardAITests" name="test_parent_dashboard_requires_student_role" time="2.125" /></testsuite></testsuites>