<?xml version="1.0" encoding="utf-8"?><testsuites name="pytest tests"><testsuite name="pytest" errors="0" failures="0" skipped="0" tests="21" time="40.223" timestamp="2026-03-16T13:34:17.401338+00:00" hostname="agent-env-d75feda4-4db8-4534-996a-e4703edac71b"><testcase classname="tests.test_refactored_routes.TestHealthEndpoint" name="test_health_endpoint_exists" time="0.321" /><testcase classname="tests.test_refactored_routes.TestAdminLogin" name="test_admin_login_success" time="11.500" /><testcase classname="tests.test_refactored_routes.TestAdminLogin" name="test_admin_login_invalid_username" time="0.137" /><testcase classname="tests.test_refactored_routes.TestAdminLogin" name="test_admin_login_invalid_password" time="0.112" /><testcase classname="tests.test_refactored_routes.TestAuthEndpoints" name="test_send_otp_endpoint_exists" time="1.759" /><testcase classname="tests.test_refactored_routes.TestAuthEndpoints" name="test_send_otp_invalid_type" time="0.127" /><testcase classname="tests.test_refactored_routes.TestAuthEndpoints" name="test_auth_me_without_token" time="0.199" /><testcase classname="tests.test_refactored_routes.TestAuthEndpoints" name="test_auth_me_with_admin_token" time="3.294" /><testcase classname="tests.test_refactored_routes.TestAuthEndpoints" name="test_logout_endpoint" time="0.167" /><testcase classname="tests.test_refactored_routes.TestAuthEndpoints" name="test_roll_number_login_endpoint_exists" time="1.841" /><testcase classname="tests.test_refactored_routes.TestSubjectsEndpoint" name="test_list_subjects_public" time="1.750" /><testcase classname="tests.test_refactored_routes.TestSubjectsEndpoint" name="test_list_subjects_with_auth" time="3.048" /><testcase classname="tests.test_refactored_routes.TestHomeworkEndpoints" name="test_list_homework_with_auth" time="4.838" /><testcase classname="tests.test_refactored_routes.TestHomeworkEndpoints" name="test_list_homework_without_auth" time="0.136" /><testcase classname="tests.test_refactored_routes.TestStructuredTestsEndpoints" name="test_structured_tests_post_endpoint" time="0.147" /><testcase classname="tests.test_refactored_routes.TestStructuredTestsEndpoints" name="test_structured_tests_get_method_not_allowed" time="0.121" /><testcase classname="tests.test_refactored_routes.TestAdminUsersEndpoint" name="test_admin_users_list" time="5.590" /><testcase classname="tests.test_refactored_routes.TestAdminUsersEndpoint" name="test_admin_users_without_auth" time="0.140" /><testcase classname="tests.test_refactored_routes.TestSchoolsEndpoint" name="test_schools_list" time="1.735" /><testcase classname="tests.test_refactored_routes.TestParentDashboard" name="test_parent_dashboard_without_auth" time="0.113" /><testcase classname="tests.test_refactored_routes.TestParentDashboard" name="test_parent_dashboard_requires_student_role" time="3.053" /></testsuite></testsuites>