<?xml version="1.0" encoding="utf-8"?><testsuites name="pytest tests"><testsuite name="pytest" errors="0" failures="0" skipped="0" tests="11" time="106.915" timestamp="2026-03-15T18:52:55.457824+00:00" hostname="agent-env-b85ac698-3074-4962-829f-9bf7fda0b6da"><testcase classname="tests.test_structured_tests.TestStructuredTestsAPI" name="test_create_test_requires_auth" time="17.130" /><testcase classname="tests.test_structured_tests.TestStructuredTestsAPI" name="test_create_test_as_admin" time="7.442" /><testcase classname="tests.test_structured_tests.TestStructuredTestsAPI" name="test_add_questions_to_test" time="11.035" /><testcase classname="tests.test_structured_tests.TestStructuredTestsAPI" name="test_publish_test" time="12.728" /><testcase classname="tests.test_structured_tests.TestStructuredTestsAPI" name="test_cannot_publish_without_questions" time="8.617" /><testcase classname="tests.test_structured_tests.TestStructuredTestsAPI" name="test_draft_test_not_visible_to_student" time="10.249" /><testcase classname="tests.test_structured_tests.TestStructuredTestsAPI" name="test_published_test_visible_to_student" time="14.893" /><testcase classname="tests.test_structured_tests.TestStructuredTestsAPI" name="test_teacher_sees_all_tests" time="12.007" /><testcase classname="tests.test_structured_tests.TestStructuredTestsAPI" name="test_list_tests_response_structure" time="5.572" /><testcase classname="tests.test_structured_tests.TestStudentCannotModify" name="test_student_cannot_create_test" time="3.570" /><testcase classname="tests.test_structured_tests.TestStudentCannotModify" name="test_student_cannot_publish_test" time="3.585" /></testsuite></testsuites>