<?xml version="1.0" encoding="utf-8"?><testsuites name="pytest tests"><testsuite name="pytest" errors="0" failures="0" skipped="0" tests="13" time="40.238" timestamp="2026-03-16T20:48:37.620411+00:00" hostname="agent-env-d75feda4-4db8-4534-996a-e4703edac71b"><testcase classname="backend.tests.test_structured_homework.TestStructuredHomeworkEndpoints" name="test_get_existing_homework" time="4.757" /><testcase classname="backend.tests.test_structured_homework.TestStructuredHomeworkEndpoints" name="test_list_homework_for_subject" time="3.640" /><testcase classname="backend.tests.test_structured_homework.TestStructuredHomeworkEndpoints" name="test_start_homework_attempt" time="1.957" /><testcase classname="backend.tests.test_structured_homework.TestStructuredHomeworkEndpoints" name="test_hint_first_call_returns_hint" time="4.336" /><testcase classname="backend.tests.test_structured_homework.TestStructuredHomeworkEndpoints" name="test_hint_answer_reveal_for_question_1" time="4.045" /><testcase classname="backend.tests.test_structured_homework.TestStructuredHomeworkEndpoints" name="test_save_progress" time="3.750" /><testcase classname="backend.tests.test_structured_homework.TestStructuredHomeworkEndpoints" name="test_create_homework_admin" time="4.046" /><testcase classname="backend.tests.test_structured_homework.TestStructuredHomeworkEndpoints" name="test_get_homework_no_auth" time="0.128" /><testcase classname="backend.tests.test_structured_homework.TestStructuredHomeworkEndpoints" name="test_complete_homework" time="4.150" /><testcase classname="backend.tests.test_structured_homework.TestStructuredHomeworkEndpoints" name="test_get_nonexistent_homework" time="1.773" /><testcase classname="backend.tests.test_structured_homework.TestStructuredHomeworkEndpoints" name="test_start_nonexistent_homework" time="1.738" /><testcase classname="backend.tests.test_structured_homework.TestStructuredHomeworkEndpoints" name="test_hint_without_start" time="2.553" /><testcase classname="backend.tests.test_structured_homework.TestTeacherHomeworkSubmissions" name="test_get_submissions" time="3.314" /></testsuite></testsuites>