<?xml version="1.0" encoding="utf-8"?><testsuites name="pytest tests"><testsuite name="pytest" errors="0" failures="0" skipped="0" tests="9" time="35.133" timestamp="2026-03-16T10:18:34.451213+00:00" hostname="agent-env-3b38bd05-c05a-4ab0-92e7-a0aea7ecf78d"><testcase classname="tests.test_teacher_review_features.TestStudentLogin" name="test_student_login_success" time="12.731" /><testcase classname="tests.test_teacher_review_features.TestTeacherSubmissionsAPI" name="test_get_submissions_returns_student_name" time="4.368" /><testcase classname="tests.test_teacher_review_features.TestTeacherSubmissionsAPI" name="test_submissions_requires_teacher_auth" time="3.450" /><testcase classname="tests.test_teacher_review_features.TestTeacherReviewAPI" name="test_get_detailed_results_for_teacher" time="2.881" /><testcase classname="tests.test_teacher_review_features.TestTeacherReviewAPI" name="test_teacher_review_saves_override" time="3.917" /><testcase classname="tests.test_teacher_review_features.TestTeacherReviewAPI" name="test_review_requires_teacher_auth" time="1.511" /><testcase classname="tests.test_teacher_review_features.TestTeacherReviewAPI" name="test_submission_marked_as_teacher_reviewed" time="2.468" /><testcase classname="tests.test_teacher_review_features.TestStructuredTestsListAPI" name="test_list_tests_returns_active_tests" time="1.969" /><testcase classname="tests.test_teacher_review_features.TestAPIAvailability" name="test_api_responds" time="1.773" /></testsuite></testsuites>