<?xml version="1.0" encoding="utf-8"?><testsuites name="pytest tests"><testsuite name="pytest" errors="0" failures="0" skipped="0" tests="18" time="123.757" timestamp="2026-03-18T14:50:07.408413+00:00" hostname="agent-env-1064bb68-01dd-4512-88fc-f6c282a94dac"><testcase classname="backend.tests.test_whatsapp_test_message.TestWebhookVerificationEndpoint" name="test_verify_correct_token" time="16.734" /><testcase classname="backend.tests.test_whatsapp_test_message.TestWebhookVerificationEndpoint" name="test_verify_incorrect_token" time="0.227" /><testcase classname="backend.tests.test_whatsapp_test_message.TestWebhookPostEndpoint" name="test_webhook_accepts_meta_payload_format" time="0.136" /><testcase classname="backend.tests.test_whatsapp_test_message.TestTestMessageEndpoint" name="test_greeting_scenario_first_message" time="9.155" /><testcase classname="backend.tests.test_whatsapp_test_message.TestTestMessageEndpoint" name="test_specific_question_uses_tools" time="10.654" /><testcase classname="backend.tests.test_whatsapp_test_message.TestTestMessageEndpoint" name="test_unregistered_phone_returns_error" time="1.823" /><testcase classname="backend.tests.test_whatsapp_test_message.TestTestMessageEndpoint" name="test_unavailable_data_fees_gracefully_declined" time="9.228" /><testcase classname="backend.tests.test_whatsapp_test_message.TestTestMessageEndpoint" name="test_unavailable_data_attendance_gracefully_declined" time="8.637" /><testcase classname="backend.tests.test_whatsapp_test_message.TestTestMessageEndpoint" name="test_dashboard_link_request" time="9.715" /><testcase classname="backend.tests.test_whatsapp_test_message.TestPhoneMatching" name="test_phone_without_country_code" time="8.730" /><testcase classname="backend.tests.test_whatsapp_test_message.TestPhoneMatching" name="test_phone_with_country_code_91" time="6.937" /><testcase classname="backend.tests.test_whatsapp_test_message.TestChatMemory" name="test_is_first_message_flag" time="8.642" /><testcase classname="backend.tests.test_whatsapp_test_message.TestChatMemory" name="test_subsequent_message_is_not_first" time="18.250" /><testcase classname="backend.tests.test_whatsapp_test_message.TestParentDashboardView" name="test_dashboard_renders_student_data" time="12.685" /><testcase classname="backend.tests.test_whatsapp_test_message.TestParentDashboardView" name="test_dashboard_invalid_token_returns_404" time="1.748" /><testcase classname="backend.tests.test_whatsapp_test_message.TestInputValidation" name="test_missing_phone" time="0.123" /><testcase classname="backend.tests.test_whatsapp_test_message.TestInputValidation" name="test_missing_message" time="0.132" /><testcase classname="backend.tests.test_whatsapp_test_message.TestInputValidation" name="test_empty_phone" time="0.114" /></testsuite></testsuites>