<?xml version="1.0" encoding="utf-8"?><testsuites name="pytest tests"><testsuite name="pytest" errors="0" failures="0" skipped="0" tests="18" time="45.700" timestamp="2026-03-17T22:15:01.004858+00:00" hostname="agent-env-86d75c81-657f-4a31-81c1-470d274a793b"><testcase classname="backend.tests.test_whatsapp_chatbot.TestWebhookVerification" name="test_webhook_verify_correct_token" time="11.710" /><testcase classname="backend.tests.test_whatsapp_chatbot.TestWebhookVerification" name="test_webhook_verify_wrong_token" time="0.204" /><testcase classname="backend.tests.test_whatsapp_chatbot.TestWebhookVerification" name="test_webhook_verify_missing_mode" time="0.128" /><testcase classname="backend.tests.test_whatsapp_chatbot.TestMessageProcessing" name="test_webhook_post_registered_phone" time="0.131" /><testcase classname="backend.tests.test_whatsapp_chatbot.TestMessageProcessing" name="test_webhook_post_unregistered_phone" time="0.192" /><testcase classname="backend.tests.test_whatsapp_chatbot.TestMessageProcessing" name="test_webhook_post_with_country_code" time="0.152" /><testcase classname="backend.tests.test_whatsapp_chatbot.TestMessageProcessing" name="test_webhook_post_empty_payload" time="0.165" /><testcase classname="backend.tests.test_whatsapp_chatbot.TestMessageProcessing" name="test_webhook_post_non_text_message" time="0.149" /><testcase classname="backend.tests.test_whatsapp_chatbot.TestPublicDashboard" name="test_dashboard_valid_token" time="2.712" /><testcase classname="backend.tests.test_whatsapp_chatbot.TestPublicDashboard" name="test_dashboard_invalid_token" time="1.820" /><testcase classname="backend.tests.test_whatsapp_chatbot.TestPublicDashboard" name="test_dashboard_empty_token" time="0.151" /><testcase classname="backend.tests.test_whatsapp_chatbot.TestDatabaseRecords" name="test_brief_record_exists" time="11.923" /><testcase classname="backend.tests.test_whatsapp_chatbot.TestDatabaseRecords" name="test_brief_contains_required_fields" time="1.524" /><testcase classname="backend.tests.test_whatsapp_chatbot.TestChatMemoryLimit" name="test_chat_memory_processing" time="0.209" /><testcase classname="backend.tests.test_whatsapp_chatbot.TestGPT4oIntegration" name="test_contextual_response_flow" time="14.005" /><testcase classname="backend.tests.test_whatsapp_chatbot.TestEdgeCases" name="test_malformed_json_payload" time="0.150" /><testcase classname="backend.tests.test_whatsapp_chatbot.TestEdgeCases" name="test_missing_entry_field" time="0.144" /><testcase classname="backend.tests.test_whatsapp_chatbot.TestEdgeCases" name="test_empty_messages_array" time="0.129" /></testsuite></testsuites>